make: Entering directory '/home/undercover/projects/cmdstan'

--- Compiling, linking C++ code ---
g++ -std=c++1y -pthread -D_REENTRANT -Wno-sign-compare -Wno-ignored-attributes      -I stan/lib/stan_math/lib/tbb_2020.3/include -flto -fuse-linker-plugin -fdevirtualize-at-ltrans -fweb -fivopts -ftree-loop-linear -floop-strip-mine -floop-block -floop-nest-optimize -ftree-vectorize -ftree-loop-distribution -funroll-loops -floop-unroll-and-jam -fsplit-loops -fvisibility=hidden -fvisibility-inlines-hidden -DSTAN_NO_RANGE_CHECKS -O3 -I src -I stan/src -I stan/lib/rapidjson_1.1.0/ -I lib/CLI11-1.9.1/ -I stan/lib/stan_math/ -I stan/lib/stan_math/lib/eigen_3.3.9 -I stan/lib/stan_math/lib/boost_1.78.0 -I stan/lib/stan_math/lib/sundials_6.1.1/include -I stan/lib/stan_math/lib/sundials_6.1.1/src/sundials    -DBOOST_DISABLE_ASSERTS        -DSTAN_NO_RANGE_CHECKS  -c -Wno-ignored-attributes -fweb -fivopts -ftree-loop-linear -floop-strip-mine -floop-block -floop-nest-optimize -ftree-vectorize -ftree-loop-distribution -funroll-loops -floop-unroll-and-jam -fsplit-loops -fvisibility=hidden -fvisibility-inlines-hidden -flto -fuse-linker-plugin -fdevirtualize-at-ltrans -x c++ -o /home/undercover/research/shift-params/model/shift-LCDM.o /home/undercover/research/shift-params/model/shift-LCDM.hpp
g++ -std=c++1y -pthread -D_REENTRANT -Wno-sign-compare -Wno-ignored-attributes      -I stan/lib/stan_math/lib/tbb_2020.3/include -flto -fuse-linker-plugin -fdevirtualize-at-ltrans -fweb -fivopts -ftree-loop-linear -floop-strip-mine -floop-block -floop-nest-optimize -ftree-vectorize -ftree-loop-distribution -funroll-loops -floop-unroll-and-jam -fsplit-loops -fvisibility=hidden -fvisibility-inlines-hidden -DSTAN_NO_RANGE_CHECKS -O3 -I src -I stan/src -I stan/lib/rapidjson_1.1.0/ -I lib/CLI11-1.9.1/ -I stan/lib/stan_math/ -I stan/lib/stan_math/lib/eigen_3.3.9 -I stan/lib/stan_math/lib/boost_1.78.0 -I stan/lib/stan_math/lib/sundials_6.1.1/include -I stan/lib/stan_math/lib/sundials_6.1.1/src/sundials    -DBOOST_DISABLE_ASSERTS        -DSTAN_NO_RANGE_CHECKS        -Wl,-L,"/home/undercover/projects/cmdstan/stan/lib/stan_math/lib/tbb" -Wl,-rpath,"/home/undercover/projects/cmdstan/stan/lib/stan_math/lib/tbb"   -flto -fuse-linker-plugin -fdevirtualize-at-ltrans   /home/undercover/research/shift-params/model/shift-LCDM.o src/cmdstan/main_nochecks.o        -Wl,-L,"/home/undercover/projects/cmdstan/stan/lib/stan_math/lib/tbb" -Wl,-rpath,"/home/undercover/projects/cmdstan/stan/lib/stan_math/lib/tbb"   stan/lib/stan_math/lib/sundials_6.1.1/lib/libsundials_nvecserial.a stan/lib/stan_math/lib/sundials_6.1.1/lib/libsundials_cvodes.a stan/lib/stan_math/lib/sundials_6.1.1/lib/libsundials_idas.a stan/lib/stan_math/lib/sundials_6.1.1/lib/libsundials_kinsol.a  stan/lib/stan_math/lib/tbb/libtbb.so.2 -o /home/undercover/research/shift-params/model/shift-LCDM
rm -f /home/undercover/research/shift-params/model/shift-LCDM.o
make: Leaving directory '/home/undercover/projects/cmdstan'

real	1m28.164s
user	1m25.774s
sys	0m0.106s

real	1m31.319s
user	1m25.004s
sys	0m0.175s

real	1m30.043s
user	1m24.187s
sys	0m0.175s

real	1m33.590s
user	1m29.015s
sys	0m0.211s
Warning: non-fatal error reading adaptation data
Warning: non-fatal error reading adaptation data
Warning: non-fatal error reading adaptation data
Warning: non-fatal error reading adaptation data
Inference for Stan model: shift_LCDM_model
4 chains: each with iter=(2500,2500,2500,2500); warmup=(2500,2500,2500,2500); thin=(1,1,1,1); 20000 iterations saved.

Warmup took (47, 45, 46, 47) seconds, 3.1 minutes total
Sampling took (45, 43, 48, 43) seconds, 3.0 minutes total

                    Mean     MCSE   StdDev        5%       50%      95%    N_Eff  N_Eff/s    R_hat

lp__            -1.9e+00  2.6e-02  1.2e+00  -4.3e+00  -1.5e+00 -5.4e-01  2.2e+03  1.3e+01  1.0e+00
accept_stat__       0.93  1.1e-03  1.0e-01      0.70      0.97      1.0  8.1e+03  4.5e+01  1.0e+00
stepsize__         0.050  2.9e-03  4.1e-03     0.043     0.051    0.054  2.0e+00  1.1e-02  1.1e+13
treedepth__          3.6  1.5e-02  1.4e+00       2.0       4.0      6.0  8.6e+03  4.8e+01  1.0e+00
n_leapfrog__          26  2.8e-01  2.4e+01       3.0        15       71  7.1e+03  4.0e+01  1.0e+00
divergent__         0.00      nan  0.0e+00      0.00      0.00     0.00      nan      nan      nan
energy__             3.4  3.4e-02  1.8e+00       1.2       3.1      6.8  2.7e+03  1.5e+01  1.0e+00

h                6.8e-01  1.8e-04  6.6e-03   6.7e-01   6.8e-01  6.9e-01  1.4e+03  7.7e+00  1.0e+00
Omega_b          4.8e-02  2.0e-05  7.5e-04   4.6e-02   4.8e-02  4.9e-02  1.4e+03  8.1e+00  1.0e+00
Omega_c          2.5e-01  2.2e-04  8.0e-03   2.4e-01   2.5e-01  2.7e-01  1.4e+03  7.6e+00  1.0e+00
wr               4.2e-05      nan  1.2e-18   4.1e-05   4.1e-05  4.1e-05      nan      nan      nan
Omega_r          8.9e-05  4.6e-08  1.7e-06   8.6e-05   8.9e-05  9.2e-05  1.4e+03  7.7e+00  1.0e+00
Omega_L          7.0e-01  2.4e-04  8.8e-03   6.9e-01   7.0e-01  7.1e-01  1.4e+03  7.6e+00  1.0e+00
theta[1]         6.8e-01  1.8e-04  6.6e-03   6.7e-01   6.8e-01  6.9e-01  1.4e+03  7.7e+00  1.0e+00
theta[2]         4.8e-02  2.0e-05  7.5e-04   4.6e-02   4.8e-02  4.9e-02  1.4e+03  8.1e+00  1.0e+00
theta[3]         2.5e-01  2.2e-04  8.0e-03   2.4e-01   2.5e-01  2.7e-01  1.4e+03  7.6e+00  1.0e+00
theta[4]         8.9e-05  4.6e-08  1.7e-06   8.6e-05   8.9e-05  9.2e-05  1.4e+03  7.7e+00  1.0e+00
theta[5]         7.0e-01  2.4e-04  8.8e-03   6.9e-01   7.0e-01  7.1e-01  1.4e+03  7.6e+00  1.0e+00
g1               6.1e-02  6.1e-06  3.2e-04   6.1e-02   6.1e-02  6.2e-02  2.8e+03  1.6e+01  1.0e+00
g2               5.5e-01  2.7e-06  1.5e-04   5.5e-01   5.5e-01  5.5e-01  2.8e+03  1.6e+01  1.0e+00
zstar            1.1e+03  7.1e-03  3.0e-01   1.1e+03   1.1e+03  1.1e+03  1.8e+03  9.8e+00  1.0e+00
z0               0.0e+00      nan  0.0e+00   0.0e+00   0.0e+00  0.0e+00      nan      nan      nan
v0[1]            0.0e+00      nan  0.0e+00   0.0e+00   0.0e+00  0.0e+00      nan      nan      nan
sol_v[1,1]       3.2e+00  1.0e-03  3.7e-02   3.1e+00   3.2e+00  3.2e+00  1.4e+03  7.7e+00  1.0e+00
v                3.2e+00  1.0e-03  3.7e-02   3.1e+00   3.2e+00  3.2e+00  1.4e+03  7.7e+00  1.0e+00
g                3.3e-02  1.1e-05  3.9e-04   3.2e-02   3.3e-02  3.4e-02  1.4e+03  7.7e+00  1.0e+00
la               3.0e+02  1.4e-03  9.4e-02   3.0e+02   3.0e+02  3.0e+02  4.5e+03  2.5e+01  1.0e+00
R                1.7e+00  1.4e-04  5.0e-03   1.7e+00   1.7e+00  1.7e+00  1.4e+03  7.7e+00  1.0e+00
wb               2.2e-02  2.9e-06  1.6e-04   2.2e-02   2.2e-02  2.3e-02  2.8e+03  1.6e+01  1.0e+00
x[1]             5.3e-03  1.4e-03  9.4e-02  -1.5e-01   4.4e-03  1.6e-01  4.5e+03  2.5e+01  1.0e+00
x[2]             4.0e-04  1.4e-04  5.0e-03  -7.9e-03   3.8e-04  8.7e-03  1.4e+03  7.7e+00  1.0e+00
x[3]            -1.0e-05  2.9e-06  1.6e-04  -2.7e-04  -9.3e-06  2.5e-04  2.8e+03  1.6e+01  1.0e+00

Samples were drawn using hmc with nuts.
For each parameter, N_Eff is a crude measure of effective sample size,
and R_hat is the potential scale reduction factor on split chains (at 
convergence, R_hat=1).
